<?xml version="1.0" encoding="UTF-8" ?>
<testsuite tests="16" failures="0" name="mx.unam.ciencias.edd.test.TestMonticuloMinimo" time="0.035" errors="0" skipped="0">
  <properties>
[...]
</properties>
  <testcase classname="mx.unam.ciencias.edd.test.TestMonticuloMinimo" name="testElimina" time="0.004"/>
  <testcase classname="mx.unam.ciencias.edd.test.TestMonticuloMinimo" name="testEsVacio" time="0.001"/>
  <testcase classname="mx.unam.ciencias.edd.test.TestMonticuloMinimo" name="testIteradorHasNext" time="0.002"/>
  <testcase classname="mx.unam.ciencias.edd.test.TestMonticuloMinimo" name="testGet" time="0.002"/>
  <testcase classname="mx.unam.ciencias.edd.test.TestMonticuloMinimo" name="testToString" time="0.016"/>
  <testcase classname="mx.unam.ciencias.edd.test.TestMonticuloMinimo" name="testHeapSort" time="0.002"/>
  <testcase classname="mx.unam.ciencias.edd.test.TestMonticuloMinimo" name="testEliminaElemento" time="0.001"/>
  <testcase classname="mx.unam.ciencias.edd.test.TestMonticuloMinimo" name="testContiene" time="0.001"/>
  <testcase classname="mx.unam.ciencias.edd.test.TestMonticuloMinimo" name="testConstructores" time="0.001"/>
  <testcase classname="mx.unam.ciencias.edd.test.TestMonticuloMinimo" name="testIteradorNext" time="0"/>
  <testcase classname="mx.unam.ciencias.edd.test.TestMonticuloMinimo" name="testReordena" time="0.001"/>
  <testcase classname="mx.unam.ciencias.edd.test.TestMonticuloMinimo" name="testGetElementos" time="0.001"/>
  <testcase classname="mx.unam.ciencias.edd.test.TestMonticuloMinimo" name="testAgrega" time="0.001"/>
  <testcase classname="mx.unam.ciencias.edd.test.TestMonticuloMinimo" name="testEquals" time="0.001"/>
  <testcase classname="mx.unam.ciencias.edd.test.TestMonticuloMinimo" name="testLimpia" time="0"/>
  <testcase classname="mx.unam.ciencias.edd.test.TestMonticuloMinimo" name="testIterator" time="0.001"/>
</testsuite>